A,C B,S A B,S A
B,C A B,S A
A,C B,S A
B,C A
A,C
B,C A B A,S B
B,C A B,S A
A,C B,S A
B,C A
A,C
A,C B A,S B A,S
A,C B,S A B,S
B,C A B
A,C B
A,C
A,C B,S A B,S A,S
B,C A B A,S
B,C A B,S
A,C B,S
B,C
A,C B,S A B,S A,S
B,C A B A,S
A,C B A,S
A,C B,S
B,C
A,C B,S A B,S A
B,C A B,S A
B,C A B,S
B,C A
B,C
B,C A B A,S
B,C A B
A,C B
A,C
A,C B A,S B
A,C B,S A
B,C A
A,C
A,C B,S A
B,C A
B,C
B,C A B,S
A,C B,S
B,C
A,C B A,S B A,S
A,C B A,S B
A,C B A,S
A,C B
A,C
B,C A B,S A B,S
A,C B,S A B,S
B,C A B,S
B,C A
B,C
B,C A B,S A B,S
A,C B,S A B,S
B,C A B,S
B,C A
B,C
A,C B,S A B,S A
B,C A B,S A
B,C A B
B,C A
A,C
B,C A B A,S B,S A,S
A,C B A,S B,S A,S
A,C B A,S B
A,C B,S A
B,C A
A,C
