<<<<<<< HEAD
ID: 0
NOME: b
TIME: Caxias
DATA DE NASCIMENTO: Mon Mar 03 08:59:36 BRT 2014
CPF: a
OCUPACAO: a
NIVEL DE ESCOLARIDADE: Nenhum
TATUAGEM: Sim
NUMERO DE BRIGAS: 0
NUMERO DE EXPULSOES: 0
TAMANHO DO CABELO: Curto
COR DO CABELO: Branco
COR DA PELE: Muito clara
ALTURA: 0.0
PESO: 0.0
TORCIDA ORGANIZADA: a
POSICAO DA TATUAGEM: a
REGISTRADO POR: mark

------------------------------------------------------------------------------

=======
0 pedro Caxias Sat Mar 08 16:27:43 BRT 2014 sad sda Nenhum Sim 0 0 Curto Branco Clara 0.0 0.0 asd ads jose
1 kleber Caxias Sat Mar 08 16:27:43 BRT 2014 sad sda Nenhum Sim 0 0 Curto Branco Clara 0.0 0.0 asd ads jose
>>>>>>> 90fe14a1450ccaeb5219f0b4271e327e753814ca
 
